# MinGW does not support an executable header.
:ivl_version "0.9.2 " "(v0_9_2)";
:vpi_time_precision + 0;
:vpi_module "system";
:vpi_module "v2005_math";
:vpi_module "va_math";
S_00615638 .scope module, "ieee_adder_compare" "ieee_adder_compare" 2 22;
 .timescale 0 0;
v00612780_0 .net *"_s10", 0 0, C4<0>; 1 drivers
v006127D8_0 .net *"_s11", 8 0, L_00651468; 1 drivers
v00612830_0 .net *"_s15", 34 0, L_00651518; 1 drivers
v00612888_0 .net *"_s17", 34 0, L_00651570; 1 drivers
v006128E0_0 .net *"_s3", 8 0, L_00650B88; 1 drivers
v00612938_0 .net *"_s6", 0 0, C4<0>; 1 drivers
v00612990_0 .net *"_s7", 8 0, L_00651410; 1 drivers
v006129E8_0 .net "expA_bigger_expB", 0 0, L_006514C0; 1 drivers
v00612A40_0 .net "exponentA", 7 0, C4<zzzzzzzz>; 0 drivers
v00612A98_0 .net "exponentB", 7 0, C4<zzzzzzzz>; 0 drivers
v00612AF0_0 .net "inputA_bigger_inputB", 0 0, L_006515C8; 1 drivers
v00612B48_0 .net "shift_amount", 7 0, L_00650B30; 1 drivers
v00612BA0_0 .net "significandA", 23 -3, C4<zzzzzzzzzzzzzzzzzzzzzzzzzzz>; 0 drivers
v00612BF8_0 .net "significandB", 23 -3, C4<zzzzzzzzzzzzzzzzzzzzzzzzzzz>; 0 drivers
v00612C50_0 .net "sub_borrow", 0 0, L_00650AD8; 1 drivers
L_00650AD8 .part L_00651468, 8, 1;
L_00650B30 .part L_00651468, 0, 8;
L_00650B88 .concat [ 8 1 0 0], C4<zzzzzzzz>, C4<0>;
L_00651410 .concat [ 8 1 0 0], C4<zzzzzzzz>, C4<0>;
L_00651468 .arith/sub 9, L_00650B88, L_00651410;
L_006514C0 .reduce/nor L_00650AD8;
L_00651518 .concat [ 27 8 0 0], C4<zzzzzzzzzzzzzzzzzzzzzzzzzzz>, C4<zzzzzzzz>;
L_00651570 .concat [ 27 8 0 0], C4<zzzzzzzzzzzzzzzzzzzzzzzzzzz>, C4<zzzzzzzz>;
L_006515C8 .cmp/gt 35, L_00651518, L_00651570;
S_006156C0 .scope module, "ieee_adder_prepare_input" "ieee_adder_prepare_input" 2 15;
 .timescale 0 0;
L_00650E08 .functor XOR 1, L_00651620, C4<z>, C4<0>, C4<0>;
v00612CA8_0 .net *"_s1", 0 0, L_00651620; 1 drivers
v00612D00_0 .net *"_s10", 2 0, C4<000>; 1 drivers
v00612D58_0 .net *"_s7", 0 0, L_006516D0; 1 drivers
v00612DB0_0 .net *"_s9", 22 0, L_00651728; 1 drivers
v00612E08_0 .net "add_sub_bit", 0 0, C4<z>; 0 drivers
v00612E60_0 .net "exponent", 7 0, L_00651678; 1 drivers
v00612EB8_0 .net "number", 31 0, C4<zzzzzzzzzzzzzzzzzzzzzzzzzzzzzzzz>; 0 drivers
v00612F10_0 .net "sign", 0 0, L_00650E08; 1 drivers
v00612F68_0 .net "significand", 23 -3, L_00651780; 1 drivers
L_00651620 .part C4<zzzzzzzzzzzzzzzzzzzzzzzzzzzzzzzz>, 31, 1;
L_00651678 .part C4<zzzzzzzzzzzzzzzzzzzzzzzzzzzzzzzz>, 23, 8;
L_006516D0 .reduce/or L_00651678;
L_00651728 .part C4<zzzzzzzzzzzzzzzzzzzzzzzzzzzzzzzz>, 0, 23;
L_00651780 .concat [ 3 23 1 0], C4<000>, L_00651728, L_006516D0;
S_00615748 .scope module, "ieee_adder_stage3" "ieee_adder_stage3" 2 29;
 .timescale 0 0;
v00612FC0_0 .net *"_s0", 7 0, C4<00000000>; 1 drivers
v00613018_0 .net *"_s15", 27 0, L_00651A40; 1 drivers
v0064FC10_0 .net *"_s18", 0 0, C4<0>; 1 drivers
v0064FC68_0 .net *"_s19", 27 0, L_00651A98; 1 drivers
v0064FCC0_0 .net *"_s22", 0 0, C4<0>; 1 drivers
v0064FD18_0 .net *"_s23", 27 0, L_00651AF0; 1 drivers
v0064FD70_0 .net *"_s25", 7 0, L_00651B48; 1 drivers
v0064FDC8_0 .net *"_s28", 6 0, C4<0000000>; 1 drivers
v0064FE20_0 .net *"_s29", 7 0, L_00651BA0; 1 drivers
v0064FE78_0 .net *"_s3", 7 0, L_006517D8; 1 drivers
v0064FED0_0 .net *"_s32", 6 0, C4<0000000>; 1 drivers
v0064FF28_0 .net *"_s38", 31 0, C4<00000000000000000000000000000001>; 1 drivers
v0064FF80_0 .net *"_s4", 26 0, L_00651830; 1 drivers
v0064FFD8_0 .net *"_s40", 31 0, L_00651D00; 1 drivers
v00650030_0 .net *"_s43", 23 0, C4<000000000000000000000000>; 1 drivers
v00650088_0 .net *"_s44", 31 0, L_00651D58; 1 drivers
v006500E0_0 .net *"_s46", 0 0, C4<0>; 1 drivers
v00650138_0 .net *"_s48", 8 0, L_00651DB0; 1 drivers
v00650190_0 .net *"_s50", 9 0, L_00651E08; 1 drivers
v006501E8_0 .net *"_s53", 0 0, C4<0>; 1 drivers
v00650240_0 .net *"_s54", 31 0, L_00651EB8; 1 drivers
v00650298_0 .net *"_s57", 21 0, C4<0000000000000000000000>; 1 drivers
v006502F0_0 .net *"_s58", 31 0, L_00651E60; 1 drivers
v00650348_0 .net *"_s61", 8 0, L_00651F10; 1 drivers
v006503A0_0 .net *"_s63", 22 0, L_00651F68; 1 drivers
v006503F8_0 .net *"_s64", 31 0, L_00651FC0; 1 drivers
v00650450_0 .net *"_s67", 22 0, L_00652018; 1 drivers
v006504A8_0 .net *"_s68", 31 0, L_00652070; 1 drivers
v00650500_0 .net *"_s70", 31 0, L_006520C8; 1 drivers
v00650558_0 .net *"_s8", 26 0, L_006518E0; 1 drivers
v006505B0_0 .net "carry_significand", 0 0, L_00651990; 1 drivers
v00650608_0 .net "expA_bigger_expB", 0 0, C4<z>; 0 drivers
v00650660_0 .net "exponentA", 0 0, C4<z>; 0 drivers
v006506B8_0 .net "exponentB", 0 0, C4<z>; 0 drivers
v00650710_0 .net "exponent_overflow", 0 0, L_00651C50; 1 drivers
v00650768_0 .net "out_exponent1", 7 0, L_00651BF8; 1 drivers
v006507C0_0 .net "out_exponent2", 7 0, L_00651CA8; 1 drivers
v00650818_0 .net "out_significand1", 23 -3, L_006519E8; 1 drivers
v00650870_0 .net "outputC", 31 0, L_00652120; 1 drivers
v006508C8_0 .net "shift_amount", 7 0, C4<zzzzzzzz>; 0 drivers
v00650920_0 .net "signA", 0 0, C4<z>; 0 drivers
v00650978_0 .net "significandA", 23 -3, C4<zzzzzzzzzzzzzzzzzzzzzzzzzzz>; 0 drivers
v006509D0_0 .net "significandA2", 23 -3, L_00651888; 1 drivers
v00650A28_0 .net "significandB", 23 -3, C4<zzzzzzzzzzzzzzzzzzzzzzzzzzz>; 0 drivers
v00650A80_0 .net "significandB2", 23 -3, L_00651938; 1 drivers
L_006517D8 .arith/sub 8, C4<00000000>, C4<zzzzzzzz>;
L_00651830 .shift/r 27, C4<zzzzzzzzzzzzzzzzzzzzzzzzzzz>, L_006517D8;
L_00651888 .functor MUXZ 27, L_00651830, C4<zzzzzzzzzzzzzzzzzzzzzzzzzzz>, C4<z>, C4<>;
L_006518E0 .shift/r 27, C4<zzzzzzzzzzzzzzzzzzzzzzzzzzz>, C4<zzzzzzzz>;
L_00651938 .functor MUXZ 27, C4<zzzzzzzzzzzzzzzzzzzzzzzzzzz>, L_006518E0, C4<z>, C4<>;
L_00651990 .part L_00651AF0, 27, 1;
L_006519E8 .part L_00651AF0, 0, 27;
L_00651A40 .concat [ 27 1 0 0], L_00651888, C4<0>;
L_00651A98 .concat [ 27 1 0 0], L_00651938, C4<0>;
L_00651AF0 .arith/sum 28, L_00651A40, L_00651A98;
L_00651B48 .concat [ 1 7 0 0], C4<z>, C4<0000000>;
L_00651BA0 .concat [ 1 7 0 0], C4<z>, C4<0000000>;
L_00651BF8 .functor MUXZ 8, L_00651BA0, L_00651B48, C4<z>, C4<>;
L_00651C50 .part L_00651F10, 8, 1;
L_00651CA8 .part L_00651F10, 0, 8;
L_00651D00 .concat [ 8 24 0 0], L_00651BF8, C4<000000000000000000000000>;
L_00651D58 .arith/sum 32, C4<00000000000000000000000000000001>, L_00651D00;
L_00651DB0 .concat [ 8 1 0 0], L_00651BF8, C4<0>;
L_00651E08 .concat [ 9 1 0 0], L_00651DB0, C4<0>;
L_00651E60 .concat [ 10 22 0 0], L_00651E08, C4<0000000000000000000000>;
L_00651EB8 .functor MUXZ 32, L_00651E60, L_00651D58, L_00651990, C4<>;
L_00651F10 .part L_00651EB8, 0, 9;
L_00651F68 .part L_006519E8, 4, 23;
L_00651FC0 .concat [ 23 8 1 0], L_00651F68, L_00651CA8, C4<z>;
L_00652018 .part L_006519E8, 3, 23;
L_00652070 .concat [ 23 8 1 0], L_00652018, L_00651CA8, C4<z>;
L_006520C8 .functor MUXZ 32, L_00652070, L_00651FC0, L_00651990, C4<>;
L_00652120 .concat [ 32 0 0 0], L_006520C8;
# The file index is used to find the file name in the following table.
:file_names 3;
    "N/A";
    "<interactive>";
    "ieee.v";
